<?xml version="1.0" encoding="UTF-8"?>
<!-- Generated by org.testng.reporters.JUnitReportReporter -->
<testsuite skipped="0" hostname="INHYNBCG-349" name="vertex.Glass.TestCases.LoginPageTest" tests="1" failures="0" timestamp="28 Apr 2023 10:34:33 GMT" time="20.683" errors="0">
  <testcase name="loginPageTitleTest" time="20.683" classname="vertex.Glass.TestCases.LoginPageTest"/>
</testsuite> <!-- vertex.Glass.TestCases.LoginPageTest -->
